app/build/intermediates/manifest_merge_blame_file/release/manifest-merger-blame-release-report.txt
1<?xml version="1.0" encoding="utf-8"?>
2<manifest xmlns:android="http://schemas.android.com/apk/res/android"
3    package="org.tensorflow.lite.examples.poseestimation"
4    android:versionCode="1"
5    android:versionName="1.0" >
6
7    <uses-sdk
8        android:minSdkVersion="23"
8-->src\main\AndroidManifest.xml
9        android:targetSdkVersion="30" />
9-->src\main\AndroidManifest.xml
10
11    <uses-permission android:name="android.permission.CAMERA" />
11-->src\main\AndroidManifest.xml:5:5-65
11-->src\main\AndroidManifest.xml:5:22-62
12
13    <uses-feature
13-->src\main\AndroidManifest.xml:6:5-8:35
14        android:name="android.hardware.camera"
14-->src\main\AndroidManifest.xml:7:9-47
15        android:required="true" />
15-->src\main\AndroidManifest.xml:8:9-32
16
17    <application
17-->src\main\AndroidManifest.xml:9:5-22:19
18        android:allowBackup="true"
18-->src\main\AndroidManifest.xml:10:9-35
19        android:appComponentFactory="androidx.core.app.CoreComponentFactory"
19-->[androidx.core:core:1.5.0] AndroidManifest.xml:24:18-86
20        android:extractNativeLibs="false"
21        android:icon="@drawable/ic_launcher"
21-->src\main\AndroidManifest.xml:11:9-45
22        android:label="@string/tfe_pe_app_name"
22-->src\main\AndroidManifest.xml:12:9-48
23        android:roundIcon="@drawable/ic_launcher"
23-->src\main\AndroidManifest.xml:13:9-50
24        android:supportsRtl="true"
24-->src\main\AndroidManifest.xml:14:9-35
25        android:theme="@style/Theme.PoseEstimation" >
25-->src\main\AndroidManifest.xml:15:9-52
26        <activity android:name="org.tensorflow.lite.examples.poseestimation.MainActivity" >
26-->src\main\AndroidManifest.xml:16:9-21:20
26-->src\main\AndroidManifest.xml:16:19-47
27            <intent-filter>
27-->src\main\AndroidManifest.xml:17:13-20:29
28                <action android:name="android.intent.action.MAIN" />
28-->src\main\AndroidManifest.xml:18:17-69
28-->src\main\AndroidManifest.xml:18:25-66
29
30                <category android:name="android.intent.category.LAUNCHER" />
30-->src\main\AndroidManifest.xml:19:17-77
30-->src\main\AndroidManifest.xml:19:27-74
31            </intent-filter>
32        </activity>
33    </application>
34
35</manifest>